2024-03-26 14:48:24.194+0300 INFO Starting AutheticationhwApplication using Java 18.0.2.1 with PID 55570 (/Users/User/Java/autheticationhw/target/classes started by User in /Users/User/Java/autheticationhw)
2024-03-26 14:48:24.204+0300 DEBUG Running with Spring Boot v3.2.4, Spring v6.1.5
2024-03-26 14:48:24.206+0300 INFO No active profile set, falling back to 1 default profile: "default"
2024-03-26 14:48:26.166+0300 INFO Initializing ProtocolHandler ["http-nio-8080"]
2024-03-26 14:48:26.170+0300 INFO Starting service [Tomcat]
2024-03-26 14:48:26.170+0300 INFO Starting Servlet engine: [Apache Tomcat/10.1.19]
2024-03-26 14:48:26.247+0300 INFO Initializing Spring embedded WebApplicationContext
2024-03-26 14:48:26.408+0300 INFO HikariPool-1 - Starting...
2024-03-26 14:48:26.555+0300 INFO HikariPool-1 - Added connection org.postgresql.jdbc.PgConnection@22791b75
2024-03-26 14:48:26.557+0300 INFO HikariPool-1 - Start completed.
2024-03-26 14:48:29.774+0300 INFO Starting ProtocolHandler ["http-nio-8080"]
2024-03-26 14:48:29.825+0300 INFO Started AutheticationhwApplication in 6.223 seconds (process running for 8.802)
2024-03-26 14:48:29.834+0300 DEBUG Enter: com.example.autheticationhw.service.UserService.create() with argument[s] = [com.example.autheticationhw.model.User@4cf1ec2]
2024-03-26 14:48:29.920+0300 DEBUG Exit com.example.autheticationhw.service.UserService.create() with result = com.example.autheticationhw.model.User@4cf1ec2
2024-03-26 14:48:29.921+0300 DEBUG Enter: com.example.autheticationhw.service.UserService.get() with argument[s] = [1]
2024-03-26 14:48:29.984+0300 DEBUG Exit com.example.autheticationhw.service.UserService.get() with result = com.example.autheticationhw.model.User@3d96b8fb
2024-03-26 14:48:29.985+0300 DEBUG Enter: com.example.autheticationhw.service.UserService.get() with argument[s] = [100]
2024-03-26 14:48:29.989+0300 DEBUG Exit com.example.autheticationhw.service.UserService.get() with result = null
2024-03-26 14:48:29.990+0300 DEBUG Enter: com.example.autheticationhw.service.UserService.get() with argument[s] = [1]
2024-03-26 14:48:29.993+0300 DEBUG Exit com.example.autheticationhw.service.UserService.get() with result = com.example.autheticationhw.model.User@34907a49
2024-03-26 14:48:29.994+0300 DEBUG Enter: com.example.autheticationhw.service.UserService.update() with argument[s] = [com.example.autheticationhw.model.User@34907a49]
2024-03-26 14:48:30.039+0300 DEBUG Exit com.example.autheticationhw.service.UserService.update() with result = com.example.autheticationhw.model.User@3749c6ac
2024-03-26 14:48:30.040+0300 DEBUG Enter: com.example.autheticationhw.service.UserService.delete() with argument[s] = [2]
2024-03-26 14:48:30.101+0300 DEBUG Exit com.example.autheticationhw.service.UserService.delete() with result = null
2024-03-26 14:48:30.103+0300 DEBUG Enter: com.example.autheticationhw.service.OrderService.get() with argument[s] = [1]
2024-03-26 14:48:30.121+0300 DEBUG Exit com.example.autheticationhw.service.OrderService.get() with result = com.example.autheticationhw.model.Order@5f0a5848
2024-03-26 14:48:30.121+0300 DEBUG Enter: com.example.autheticationhw.service.OrderService.get() with argument[s] = [100]
2024-03-26 14:48:30.130+0300 DEBUG Exit com.example.autheticationhw.service.OrderService.get() with result = null
2024-03-26 14:48:30.131+0300 DEBUG Enter: com.example.autheticationhw.service.UserService.get() with argument[s] = [1]
2024-03-26 14:48:30.137+0300 DEBUG Exit com.example.autheticationhw.service.UserService.get() with result = com.example.autheticationhw.model.User@235d46b2
2024-03-26 14:48:30.137+0300 DEBUG Enter: com.example.autheticationhw.service.OrderService.create() with argument[s] = [com.example.autheticationhw.model.Order@1644cc2d]
2024-03-26 14:48:30.159+0300 DEBUG Exit com.example.autheticationhw.service.OrderService.create() with result = com.example.autheticationhw.model.Order@1644cc2d
2024-03-26 14:48:30.159+0300 DEBUG Enter: com.example.autheticationhw.service.OrderService.get() with argument[s] = [1]
2024-03-26 14:48:30.162+0300 DEBUG Exit com.example.autheticationhw.service.OrderService.get() with result = com.example.autheticationhw.model.Order@6a1b4854
2024-03-26 14:48:30.162+0300 DEBUG Enter: com.example.autheticationhw.service.OrderService.update() with argument[s] = [com.example.autheticationhw.model.Order@6a1b4854]
2024-03-26 14:48:30.174+0300 DEBUG Exit com.example.autheticationhw.service.OrderService.update() with result = com.example.autheticationhw.model.Order@cda988
2024-03-26 14:48:30.175+0300 DEBUG Enter: com.example.autheticationhw.service.OrderService.delete() with argument[s] = [2]
2024-03-26 14:48:30.188+0300 DEBUG Exit com.example.autheticationhw.service.OrderService.delete() with result = null
2024-03-26 14:50:34.473+0300 INFO HikariPool-1 - Shutdown initiated...
2024-03-26 14:50:34.484+0300 INFO HikariPool-1 - Shutdown completed.
2024-03-26 14:59:52.307+0300 INFO Starting AutheticationhwApplication using Java 18.0.2.1 with PID 55812 (/Users/User/Java/autheticationhw/target/classes started by User in /Users/User/Java/autheticationhw)
2024-03-26 14:59:52.316+0300 DEBUG Running with Spring Boot v3.2.4, Spring v6.1.5
2024-03-26 14:59:52.319+0300 INFO No active profile set, falling back to 1 default profile: "default"
2024-03-26 14:59:54.328+0300 INFO Initializing ProtocolHandler ["http-nio-8080"]
2024-03-26 14:59:54.332+0300 INFO Starting service [Tomcat]
2024-03-26 14:59:54.333+0300 INFO Starting Servlet engine: [Apache Tomcat/10.1.19]
2024-03-26 14:59:54.423+0300 INFO Initializing Spring embedded WebApplicationContext
2024-03-26 14:59:54.593+0300 INFO HikariPool-1 - Starting...
2024-03-26 14:59:54.717+0300 INFO HikariPool-1 - Added connection org.postgresql.jdbc.PgConnection@2b6fb197
2024-03-26 14:59:54.719+0300 INFO HikariPool-1 - Start completed.
2024-03-26 14:59:58.337+0300 INFO Starting ProtocolHandler ["http-nio-8080"]
2024-03-26 14:59:58.412+0300 INFO Started AutheticationhwApplication in 6.702 seconds (process running for 9.39)
2024-03-26 14:59:58.420+0300 DEBUG Enter: com.example.autheticationhw.service.UserService.create() with argument[s] = [com.example.autheticationhw.model.User@721fc228]
2024-03-26 14:59:58.513+0300 DEBUG Exit com.example.autheticationhw.service.UserService.create() with result = com.example.autheticationhw.model.User@721fc228
2024-03-26 14:59:58.513+0300 DEBUG Enter: com.example.autheticationhw.service.UserService.get() with argument[s] = [1]
2024-03-26 14:59:58.611+0300 DEBUG Exit com.example.autheticationhw.service.UserService.get() with result = com.example.autheticationhw.model.User@1b1d93e9
2024-03-26 14:59:58.612+0300 DEBUG Enter: com.example.autheticationhw.service.UserService.get() with argument[s] = [100]
2024-03-26 14:59:58.614+0300 DEBUG Exit com.example.autheticationhw.service.UserService.get() with result = null
2024-03-26 14:59:58.614+0300 DEBUG Enter: com.example.autheticationhw.service.UserService.get() with argument[s] = [1]
2024-03-26 14:59:58.617+0300 DEBUG Exit com.example.autheticationhw.service.UserService.get() with result = com.example.autheticationhw.model.User@55d776ac
2024-03-26 14:59:58.618+0300 DEBUG Enter: com.example.autheticationhw.service.UserService.update() with argument[s] = [com.example.autheticationhw.model.User@55d776ac]
2024-03-26 14:59:58.635+0300 DEBUG Exit com.example.autheticationhw.service.UserService.update() with result = com.example.autheticationhw.model.User@2ae0eb98
2024-03-26 14:59:58.636+0300 DEBUG Enter: com.example.autheticationhw.service.UserService.delete() with argument[s] = [2]
2024-03-26 14:59:58.669+0300 DEBUG Exit com.example.autheticationhw.service.UserService.delete() with result = null
2024-03-26 14:59:58.670+0300 DEBUG Enter: com.example.autheticationhw.service.OrderService.get() with argument[s] = [1]
2024-03-26 14:59:58.689+0300 DEBUG Exit com.example.autheticationhw.service.OrderService.get() with result = com.example.autheticationhw.model.Order@4db10b9f
2024-03-26 14:59:58.690+0300 DEBUG Enter: com.example.autheticationhw.service.OrderService.get() with argument[s] = [100]
2024-03-26 14:59:58.693+0300 DEBUG Exit com.example.autheticationhw.service.OrderService.get() with result = null
2024-03-26 14:59:58.695+0300 DEBUG Enter: com.example.autheticationhw.service.UserService.get() with argument[s] = [1]
2024-03-26 14:59:58.698+0300 DEBUG Exit com.example.autheticationhw.service.UserService.get() with result = com.example.autheticationhw.model.User@65029fc
2024-03-26 14:59:58.698+0300 DEBUG Enter: com.example.autheticationhw.service.OrderService.create() with argument[s] = [com.example.autheticationhw.model.Order@4865434e]
2024-03-26 14:59:58.709+0300 DEBUG Exit com.example.autheticationhw.service.OrderService.create() with result = com.example.autheticationhw.model.Order@4865434e
2024-03-26 14:59:58.710+0300 DEBUG Enter: com.example.autheticationhw.service.OrderService.get() with argument[s] = [1]
2024-03-26 14:59:58.715+0300 DEBUG Exit com.example.autheticationhw.service.OrderService.get() with result = com.example.autheticationhw.model.Order@3fe59f84
2024-03-26 14:59:58.715+0300 DEBUG Enter: com.example.autheticationhw.service.OrderService.update() with argument[s] = [com.example.autheticationhw.model.Order@3fe59f84]
2024-03-26 14:59:58.725+0300 DEBUG Exit com.example.autheticationhw.service.OrderService.update() with result = com.example.autheticationhw.model.Order@74120029
2024-03-26 14:59:58.726+0300 DEBUG Enter: com.example.autheticationhw.service.OrderService.delete() with argument[s] = [2]
2024-03-26 14:59:58.736+0300 DEBUG Exit com.example.autheticationhw.service.OrderService.delete() with result = null
2024-03-26 15:09:18.219+0300 INFO HikariPool-1 - Shutdown initiated...
2024-03-26 15:09:18.229+0300 INFO HikariPool-1 - Shutdown completed.
2024-03-26 16:32:30.647+0300 INFO Starting AutheticationhwApplication using Java 18.0.2.1 with PID 56943 (/Users/User/Java/autheticationhw/target/classes started by User in /Users/User/Java/autheticationhw)
2024-03-26 16:32:30.671+0300 DEBUG Running with Spring Boot v3.2.4, Spring v6.1.5
2024-03-26 16:32:30.673+0300 INFO No active profile set, falling back to 1 default profile: "default"
2024-03-26 16:32:34.026+0300 INFO Initializing ProtocolHandler ["http-nio-8080"]
2024-03-26 16:32:34.029+0300 INFO Starting service [Tomcat]
2024-03-26 16:32:34.030+0300 INFO Starting Servlet engine: [Apache Tomcat/10.1.19]
2024-03-26 16:32:34.122+0300 INFO Initializing Spring embedded WebApplicationContext
2024-03-26 16:32:34.290+0300 INFO HikariPool-1 - Starting...
2024-03-26 16:32:34.513+0300 INFO HikariPool-1 - Added connection org.postgresql.jdbc.PgConnection@2801827a
2024-03-26 16:32:34.516+0300 INFO HikariPool-1 - Start completed.
2024-03-26 16:32:38.193+0300 INFO Starting ProtocolHandler ["http-nio-8080"]
2024-03-26 16:32:38.235+0300 INFO Started AutheticationhwApplication in 9.061 seconds (process running for 12.831)
2024-03-26 16:32:38.244+0300 DEBUG Enter: com.example.autheticationhw.service.UserService.create() with argument[s] = [com.example.autheticationhw.model.User@78a7fccd]
2024-03-26 16:32:38.326+0300 DEBUG Exit com.example.autheticationhw.service.UserService.create() with result = com.example.autheticationhw.model.User@78a7fccd
2024-03-26 16:32:38.326+0300 DEBUG Enter: com.example.autheticationhw.service.UserService.get() with argument[s] = [1]
2024-03-26 16:32:38.395+0300 DEBUG Exit com.example.autheticationhw.service.UserService.get() with result = com.example.autheticationhw.model.User@47462daf
2024-03-26 16:32:38.395+0300 DEBUG Enter: com.example.autheticationhw.service.UserService.get() with argument[s] = [100]
2024-03-26 16:32:38.398+0300 DEBUG Exit com.example.autheticationhw.service.UserService.get() with result = null
2024-03-26 16:32:38.398+0300 DEBUG Enter: com.example.autheticationhw.service.UserService.get() with argument[s] = [1]
2024-03-26 16:32:38.401+0300 DEBUG Exit com.example.autheticationhw.service.UserService.get() with result = com.example.autheticationhw.model.User@5cb64b9c
2024-03-26 16:32:38.402+0300 DEBUG Enter: com.example.autheticationhw.service.UserService.update() with argument[s] = [com.example.autheticationhw.model.User@5cb64b9c]
2024-03-26 16:32:38.424+0300 DEBUG Exit com.example.autheticationhw.service.UserService.update() with result = com.example.autheticationhw.model.User@625c9248
2024-03-26 16:32:38.426+0300 DEBUG Enter: com.example.autheticationhw.service.UserService.delete() with argument[s] = [2]
2024-03-26 16:32:38.461+0300 DEBUG Exit com.example.autheticationhw.service.UserService.delete() with result = null
2024-03-26 16:32:38.461+0300 DEBUG Enter: com.example.autheticationhw.service.OrderService.get() with argument[s] = [1]
2024-03-26 16:32:38.471+0300 DEBUG Exit com.example.autheticationhw.service.OrderService.get() with result = com.example.autheticationhw.model.Order@69d9d322
2024-03-26 16:32:38.471+0300 DEBUG Enter: com.example.autheticationhw.service.OrderService.get() with argument[s] = [100]
2024-03-26 16:32:38.473+0300 DEBUG Exit com.example.autheticationhw.service.OrderService.get() with result = null
2024-03-26 16:32:38.474+0300 DEBUG Enter: com.example.autheticationhw.service.UserService.get() with argument[s] = [1]
2024-03-26 16:32:38.476+0300 DEBUG Exit com.example.autheticationhw.service.UserService.get() with result = com.example.autheticationhw.model.User@4417755b
2024-03-26 16:32:38.476+0300 DEBUG Enter: com.example.autheticationhw.service.OrderService.create() with argument[s] = [com.example.autheticationhw.model.Order@3811464b]
2024-03-26 16:32:38.486+0300 DEBUG Exit com.example.autheticationhw.service.OrderService.create() with result = com.example.autheticationhw.model.Order@3811464b
2024-03-26 16:32:38.487+0300 DEBUG Enter: com.example.autheticationhw.service.OrderService.get() with argument[s] = [1]
2024-03-26 16:32:38.491+0300 DEBUG Exit com.example.autheticationhw.service.OrderService.get() with result = com.example.autheticationhw.model.Order@2df7766b
2024-03-26 16:32:38.493+0300 DEBUG Enter: com.example.autheticationhw.service.OrderService.update() with argument[s] = [com.example.autheticationhw.model.Order@2df7766b]
2024-03-26 16:32:38.505+0300 DEBUG Exit com.example.autheticationhw.service.OrderService.update() with result = com.example.autheticationhw.model.Order@6a1b4854
2024-03-26 16:32:38.505+0300 DEBUG Enter: com.example.autheticationhw.service.OrderService.delete() with argument[s] = [2]
2024-03-26 16:32:38.515+0300 DEBUG Exit com.example.autheticationhw.service.OrderService.delete() with result = null
2024-03-26 16:37:54.623+0300 INFO Starting AutheticationhwApplicationTests using Java 18.0.2.1 with PID 57078 (started by User in /Users/User/Java/autheticationhw)
2024-03-26 16:37:54.650+0300 DEBUG Running with Spring Boot v3.2.4, Spring v6.1.5
2024-03-26 16:37:54.654+0300 INFO No active profile set, falling back to 1 default profile: "default"
2024-03-26 16:37:57.348+0300 INFO HikariPool-1 - Starting...
2024-03-26 16:37:57.703+0300 INFO HikariPool-1 - Added connection org.postgresql.jdbc.PgConnection@58d4238e
2024-03-26 16:37:57.712+0300 INFO HikariPool-1 - Start completed.
2024-03-26 16:38:03.124+0300 INFO Started AutheticationhwApplicationTests in 9.124 seconds (process running for 13.159)
2024-03-26 16:38:03.151+0300 DEBUG Enter: com.example.autheticationhw.service.UserService.create() with argument[s] = [com.example.autheticationhw.model.User@2f6352a3]
2024-03-26 16:38:03.404+0300 DEBUG Exit com.example.autheticationhw.service.UserService.create() with result = com.example.autheticationhw.model.User@2f6352a3
2024-03-26 16:38:03.405+0300 DEBUG Enter: com.example.autheticationhw.service.UserService.get() with argument[s] = [1]
2024-03-26 16:38:03.542+0300 DEBUG Exit com.example.autheticationhw.service.UserService.get() with result = com.example.autheticationhw.model.User@48dc06a9
2024-03-26 16:38:03.542+0300 DEBUG Enter: com.example.autheticationhw.service.UserService.get() with argument[s] = [100]
2024-03-26 16:38:03.547+0300 DEBUG Exit com.example.autheticationhw.service.UserService.get() with result = null
2024-03-26 16:38:03.548+0300 DEBUG Enter: com.example.autheticationhw.service.UserService.get() with argument[s] = [1]
2024-03-26 16:38:03.552+0300 DEBUG Exit com.example.autheticationhw.service.UserService.get() with result = com.example.autheticationhw.model.User@74fda9ed
2024-03-26 16:38:03.556+0300 DEBUG Enter: com.example.autheticationhw.service.UserService.update() with argument[s] = [com.example.autheticationhw.model.User@74fda9ed]
2024-03-26 16:38:03.623+0300 DEBUG Exit com.example.autheticationhw.service.UserService.update() with result = com.example.autheticationhw.model.User@6137dc84
2024-03-26 16:38:03.624+0300 DEBUG Enter: com.example.autheticationhw.service.UserService.delete() with argument[s] = [2]
2024-03-26 16:38:03.669+0300 DEBUG Exit com.example.autheticationhw.service.UserService.delete() with result = null
2024-03-26 16:38:03.670+0300 DEBUG Enter: com.example.autheticationhw.service.OrderService.get() with argument[s] = [1]
2024-03-26 16:38:03.695+0300 DEBUG Exit com.example.autheticationhw.service.OrderService.get() with result = com.example.autheticationhw.model.Order@55b5ce0f
2024-03-26 16:38:03.696+0300 DEBUG Enter: com.example.autheticationhw.service.OrderService.get() with argument[s] = [100]
2024-03-26 16:38:03.699+0300 DEBUG Exit com.example.autheticationhw.service.OrderService.get() with result = null
2024-03-26 16:38:03.700+0300 DEBUG Enter: com.example.autheticationhw.service.UserService.get() with argument[s] = [1]
2024-03-26 16:38:03.703+0300 DEBUG Exit com.example.autheticationhw.service.UserService.get() with result = com.example.autheticationhw.model.User@5e6ad84c
2024-03-26 16:38:03.704+0300 DEBUG Enter: com.example.autheticationhw.service.OrderService.create() with argument[s] = [com.example.autheticationhw.model.Order@4117e0c9]
2024-03-26 16:38:03.719+0300 DEBUG Exit com.example.autheticationhw.service.OrderService.create() with result = com.example.autheticationhw.model.Order@4117e0c9
2024-03-26 16:38:03.720+0300 DEBUG Enter: com.example.autheticationhw.service.OrderService.get() with argument[s] = [1]
2024-03-26 16:38:03.723+0300 DEBUG Exit com.example.autheticationhw.service.OrderService.get() with result = com.example.autheticationhw.model.Order@45e49d3d
2024-03-26 16:38:03.724+0300 DEBUG Enter: com.example.autheticationhw.service.OrderService.update() with argument[s] = [com.example.autheticationhw.model.Order@45e49d3d]
2024-03-26 16:38:03.740+0300 DEBUG Exit com.example.autheticationhw.service.OrderService.update() with result = com.example.autheticationhw.model.Order@4ad57db1
2024-03-26 16:38:03.740+0300 DEBUG Enter: com.example.autheticationhw.service.OrderService.delete() with argument[s] = [2]
2024-03-26 16:38:03.762+0300 DEBUG Exit com.example.autheticationhw.service.OrderService.delete() with result = null
2024-03-26 16:38:04.853+0300 DEBUG Enter: com.example.autheticationhw.service.UserService.get() with argument[s] = [1]
2024-03-26 16:38:04.861+0300 DEBUG Exit com.example.autheticationhw.service.UserService.get() with result = com.example.autheticationhw.model.User@321bf4b1
2024-03-26 16:38:04.862+0300 DEBUG Enter: com.example.autheticationhw.service.OrderService.create() with argument[s] = [com.example.autheticationhw.model.Order@598f6c93]
2024-03-26 16:38:04.870+0300 DEBUG Exit com.example.autheticationhw.service.OrderService.create() with result = com.example.autheticationhw.model.Order@598f6c93
2024-03-26 16:38:04.919+0300 DEBUG Enter: com.example.autheticationhw.service.OrderService.get() with argument[s] = [1]
2024-03-26 16:38:04.922+0300 DEBUG Exit com.example.autheticationhw.service.OrderService.get() with result = com.example.autheticationhw.model.Order@509e4d53
2024-03-26 16:38:04.938+0300 DEBUG Enter: com.example.autheticationhw.service.OrderService.delete() with argument[s] = [2]
2024-03-26 16:38:04.949+0300 ERROR Exception in com.example.autheticationhw.service.OrderService.delete() with cause = java.lang.IllegalArgumentException: Entity must not be null
2024-03-26 16:38:04.964+0300 DEBUG Enter: com.example.autheticationhw.service.OrderService.get() with argument[s] = [3]
2024-03-26 16:38:04.966+0300 DEBUG Exit com.example.autheticationhw.service.OrderService.get() with result = null
2024-03-26 16:38:05.043+0300 INFO HikariPool-1 - Shutdown initiated...
2024-03-26 16:38:05.054+0300 INFO HikariPool-1 - Shutdown completed.
2024-03-26 16:43:59.243+0300 INFO Starting AutheticationhwApplicationTests using Java 18.0.2.1 with PID 57299 (started by User in /Users/User/Java/autheticationhw)
2024-03-26 16:43:59.265+0300 DEBUG Running with Spring Boot v3.2.4, Spring v6.1.5
2024-03-26 16:43:59.271+0300 INFO No active profile set, falling back to 1 default profile: "default"
2024-03-26 16:44:01.602+0300 INFO HikariPool-1 - Starting...
2024-03-26 16:44:01.826+0300 INFO HikariPool-1 - Added connection org.postgresql.jdbc.PgConnection@c48b543
2024-03-26 16:44:01.829+0300 INFO HikariPool-1 - Start completed.
2024-03-26 16:44:06.109+0300 INFO Started AutheticationhwApplicationTests in 7.393 seconds (process running for 10.621)
2024-03-26 16:44:06.120+0300 DEBUG Enter: com.example.autheticationhw.service.UserService.create() with argument[s] = [com.example.autheticationhw.model.User@2f6352a3]
2024-03-26 16:44:06.232+0300 DEBUG Exit com.example.autheticationhw.service.UserService.create() with result = com.example.autheticationhw.model.User@2f6352a3
2024-03-26 16:44:06.233+0300 DEBUG Enter: com.example.autheticationhw.service.UserService.get() with argument[s] = [1]
2024-03-26 16:44:06.321+0300 DEBUG Exit com.example.autheticationhw.service.UserService.get() with result = com.example.autheticationhw.model.User@6e4ac3f5
2024-03-26 16:44:06.321+0300 DEBUG Enter: com.example.autheticationhw.service.UserService.get() with argument[s] = [100]
2024-03-26 16:44:06.324+0300 DEBUG Exit com.example.autheticationhw.service.UserService.get() with result = null
2024-03-26 16:44:06.325+0300 DEBUG Enter: com.example.autheticationhw.service.UserService.get() with argument[s] = [1]
2024-03-26 16:44:06.328+0300 DEBUG Exit com.example.autheticationhw.service.UserService.get() with result = com.example.autheticationhw.model.User@5e445ffe
2024-03-26 16:44:06.329+0300 DEBUG Enter: com.example.autheticationhw.service.UserService.update() with argument[s] = [com.example.autheticationhw.model.User@5e445ffe]
2024-03-26 16:44:06.351+0300 DEBUG Exit com.example.autheticationhw.service.UserService.update() with result = com.example.autheticationhw.model.User@60c33609
2024-03-26 16:44:06.352+0300 DEBUG Enter: com.example.autheticationhw.service.UserService.delete() with argument[s] = [2]
2024-03-26 16:44:06.380+0300 DEBUG Exit com.example.autheticationhw.service.UserService.delete() with result = null
2024-03-26 16:44:06.381+0300 DEBUG Enter: com.example.autheticationhw.service.OrderService.get() with argument[s] = [1]
2024-03-26 16:44:06.397+0300 DEBUG Exit com.example.autheticationhw.service.OrderService.get() with result = com.example.autheticationhw.model.Order@11d557a5
2024-03-26 16:44:06.398+0300 DEBUG Enter: com.example.autheticationhw.service.OrderService.get() with argument[s] = [100]
2024-03-26 16:44:06.403+0300 DEBUG Exit com.example.autheticationhw.service.OrderService.get() with result = null
2024-03-26 16:44:06.403+0300 DEBUG Enter: com.example.autheticationhw.service.UserService.get() with argument[s] = [1]
2024-03-26 16:44:06.407+0300 DEBUG Exit com.example.autheticationhw.service.UserService.get() with result = com.example.autheticationhw.model.User@62ad5f35
2024-03-26 16:44:06.407+0300 DEBUG Enter: com.example.autheticationhw.service.OrderService.create() with argument[s] = [com.example.autheticationhw.model.Order@5e6ad84c]
2024-03-26 16:44:06.411+0300 DEBUG Exit com.example.autheticationhw.service.OrderService.create() with result = com.example.autheticationhw.model.Order@5e6ad84c
2024-03-26 16:44:06.412+0300 DEBUG Enter: com.example.autheticationhw.service.OrderService.get() with argument[s] = [1]
2024-03-26 16:44:06.415+0300 DEBUG Exit com.example.autheticationhw.service.OrderService.get() with result = com.example.autheticationhw.model.Order@fdfd984
2024-03-26 16:44:06.416+0300 DEBUG Enter: com.example.autheticationhw.service.OrderService.update() with argument[s] = [com.example.autheticationhw.model.Order@fdfd984]
2024-03-26 16:44:06.426+0300 DEBUG Exit com.example.autheticationhw.service.OrderService.update() with result = com.example.autheticationhw.model.Order@45c10678
2024-03-26 16:44:06.427+0300 DEBUG Enter: com.example.autheticationhw.service.OrderService.delete() with argument[s] = [2]
2024-03-26 16:44:06.439+0300 DEBUG Exit com.example.autheticationhw.service.OrderService.delete() with result = null
2024-03-26 16:44:07.423+0300 DEBUG Enter: com.example.autheticationhw.service.UserService.get() with argument[s] = [1]
2024-03-26 16:44:07.428+0300 DEBUG Exit com.example.autheticationhw.service.UserService.get() with result = com.example.autheticationhw.model.User@6afdb486
2024-03-26 16:44:07.428+0300 DEBUG Enter: com.example.autheticationhw.service.OrderService.create() with argument[s] = [com.example.autheticationhw.model.Order@321bf4b1]
2024-03-26 16:44:07.440+0300 DEBUG Exit com.example.autheticationhw.service.OrderService.create() with result = com.example.autheticationhw.model.Order@321bf4b1
2024-03-26 16:44:07.470+0300 DEBUG Enter: com.example.autheticationhw.service.OrderService.get() with argument[s] = [1]
2024-03-26 16:44:07.474+0300 DEBUG Exit com.example.autheticationhw.service.OrderService.get() with result = com.example.autheticationhw.model.Order@690113f0
2024-03-26 16:44:07.489+0300 DEBUG Enter: com.example.autheticationhw.service.OrderService.delete() with argument[s] = [2]
2024-03-26 16:44:07.504+0300 ERROR Exception in com.example.autheticationhw.service.OrderService.delete() with cause = java.lang.IllegalArgumentException: Entity must not be null
2024-03-26 16:44:07.521+0300 DEBUG Enter: com.example.autheticationhw.service.OrderService.get() with argument[s] = [4]
2024-03-26 16:44:07.523+0300 DEBUG Exit com.example.autheticationhw.service.OrderService.get() with result = null
2024-03-26 16:44:07.602+0300 INFO HikariPool-1 - Shutdown initiated...
2024-03-26 16:44:07.612+0300 INFO HikariPool-1 - Shutdown completed.
2024-03-26 16:47:21.606+0300 INFO Starting AutheticationhwApplicationTests using Java 18.0.2.1 with PID 57380 (started by User in /Users/User/Java/autheticationhw)
2024-03-26 16:47:21.647+0300 DEBUG Running with Spring Boot v3.2.4, Spring v6.1.5
2024-03-26 16:47:21.651+0300 INFO No active profile set, falling back to 1 default profile: "default"
2024-03-26 16:47:23.855+0300 INFO HikariPool-1 - Starting...
2024-03-26 16:47:24.043+0300 INFO HikariPool-1 - Added connection org.postgresql.jdbc.PgConnection@4cc12db2
2024-03-26 16:47:24.045+0300 INFO HikariPool-1 - Start completed.
2024-03-26 16:47:28.231+0300 INFO Started AutheticationhwApplicationTests in 7.143 seconds (process running for 10.548)
2024-03-26 16:47:28.242+0300 DEBUG Enter: com.example.autheticationhw.service.UserService.create() with argument[s] = [com.example.autheticationhw.model.User@33de9d85]
2024-03-26 16:47:28.335+0300 DEBUG Exit com.example.autheticationhw.service.UserService.create() with result = com.example.autheticationhw.model.User@33de9d85
2024-03-26 16:47:28.336+0300 DEBUG Enter: com.example.autheticationhw.service.UserService.get() with argument[s] = [1]
2024-03-26 16:47:28.409+0300 DEBUG Exit com.example.autheticationhw.service.UserService.get() with result = com.example.autheticationhw.model.User@48dc06a9
2024-03-26 16:47:28.410+0300 DEBUG Enter: com.example.autheticationhw.service.UserService.get() with argument[s] = [100]
2024-03-26 16:47:28.412+0300 DEBUG Exit com.example.autheticationhw.service.UserService.get() with result = null
2024-03-26 16:47:28.414+0300 DEBUG Enter: com.example.autheticationhw.service.UserService.get() with argument[s] = [1]
2024-03-26 16:47:28.416+0300 DEBUG Exit com.example.autheticationhw.service.UserService.get() with result = com.example.autheticationhw.model.User@74fda9ed
2024-03-26 16:47:28.417+0300 DEBUG Enter: com.example.autheticationhw.service.UserService.update() with argument[s] = [com.example.autheticationhw.model.User@74fda9ed]
2024-03-26 16:47:28.441+0300 DEBUG Exit com.example.autheticationhw.service.UserService.update() with result = com.example.autheticationhw.model.User@6137dc84
2024-03-26 16:47:28.442+0300 DEBUG Enter: com.example.autheticationhw.service.UserService.delete() with argument[s] = [2]
2024-03-26 16:47:28.473+0300 DEBUG Exit com.example.autheticationhw.service.UserService.delete() with result = null
2024-03-26 16:47:28.479+0300 DEBUG Enter: com.example.autheticationhw.service.OrderService.get() with argument[s] = [1]
2024-03-26 16:47:28.489+0300 DEBUG Exit com.example.autheticationhw.service.OrderService.get() with result = com.example.autheticationhw.model.Order@30942f54
2024-03-26 16:47:28.489+0300 DEBUG Enter: com.example.autheticationhw.service.OrderService.get() with argument[s] = [100]
2024-03-26 16:47:28.493+0300 DEBUG Exit com.example.autheticationhw.service.OrderService.get() with result = null
2024-03-26 16:47:28.494+0300 DEBUG Enter: com.example.autheticationhw.service.UserService.get() with argument[s] = [1]
2024-03-26 16:47:28.497+0300 DEBUG Exit com.example.autheticationhw.service.UserService.get() with result = com.example.autheticationhw.model.User@34947355
2024-03-26 16:47:28.497+0300 DEBUG Enter: com.example.autheticationhw.service.OrderService.create() with argument[s] = [com.example.autheticationhw.model.Order@62ad5f35]
2024-03-26 16:47:28.507+0300 DEBUG Exit com.example.autheticationhw.service.OrderService.create() with result = com.example.autheticationhw.model.Order@62ad5f35
2024-03-26 16:47:28.508+0300 DEBUG Enter: com.example.autheticationhw.service.OrderService.get() with argument[s] = [1]
2024-03-26 16:47:28.511+0300 DEBUG Exit com.example.autheticationhw.service.OrderService.get() with result = com.example.autheticationhw.model.Order@281d3ce7
2024-03-26 16:47:28.512+0300 DEBUG Enter: com.example.autheticationhw.service.OrderService.update() with argument[s] = [com.example.autheticationhw.model.Order@281d3ce7]
2024-03-26 16:47:28.530+0300 DEBUG Exit com.example.autheticationhw.service.OrderService.update() with result = com.example.autheticationhw.model.Order@48cebb78
2024-03-26 16:47:28.531+0300 DEBUG Enter: com.example.autheticationhw.service.OrderService.delete() with argument[s] = [2]
2024-03-26 16:47:28.547+0300 DEBUG Exit com.example.autheticationhw.service.OrderService.delete() with result = null
2024-03-26 16:47:29.526+0300 DEBUG Enter: com.example.autheticationhw.service.OrderService.get() with argument[s] = [1]
2024-03-26 16:47:29.534+0300 DEBUG Exit com.example.autheticationhw.service.OrderService.get() with result = com.example.autheticationhw.model.Order@6afdb486
2024-03-26 16:47:29.622+0300 INFO HikariPool-1 - Shutdown initiated...
2024-03-26 16:47:29.630+0300 INFO HikariPool-1 - Shutdown completed.
2024-03-26 16:49:53.842+0300 INFO Starting AutheticationhwApplicationTests using Java 18.0.2.1 with PID 57442 (started by User in /Users/User/Java/autheticationhw)
2024-03-26 16:49:53.862+0300 DEBUG Running with Spring Boot v3.2.4, Spring v6.1.5
2024-03-26 16:49:53.865+0300 INFO No active profile set, falling back to 1 default profile: "default"
2024-03-26 16:49:56.123+0300 INFO HikariPool-1 - Starting...
2024-03-26 16:49:56.306+0300 INFO HikariPool-1 - Added connection org.postgresql.jdbc.PgConnection@34edd065
2024-03-26 16:49:56.310+0300 INFO HikariPool-1 - Start completed.
2024-03-26 16:50:00.879+0300 INFO Started AutheticationhwApplicationTests in 7.486 seconds (process running for 10.685)
2024-03-26 16:50:00.891+0300 DEBUG Enter: com.example.autheticationhw.service.UserService.create() with argument[s] = [com.example.autheticationhw.model.User@58fb5b8f]
2024-03-26 16:50:01.045+0300 DEBUG Exit com.example.autheticationhw.service.UserService.create() with result = com.example.autheticationhw.model.User@58fb5b8f
2024-03-26 16:50:01.046+0300 DEBUG Enter: com.example.autheticationhw.service.UserService.get() with argument[s] = [1]
2024-03-26 16:50:01.155+0300 DEBUG Exit com.example.autheticationhw.service.UserService.get() with result = com.example.autheticationhw.model.User@2c1b10f2
2024-03-26 16:50:01.156+0300 DEBUG Enter: com.example.autheticationhw.service.UserService.get() with argument[s] = [100]
2024-03-26 16:50:01.160+0300 DEBUG Exit com.example.autheticationhw.service.UserService.get() with result = null
2024-03-26 16:50:01.161+0300 DEBUG Enter: com.example.autheticationhw.service.UserService.get() with argument[s] = [1]
2024-03-26 16:50:01.167+0300 DEBUG Exit com.example.autheticationhw.service.UserService.get() with result = com.example.autheticationhw.model.User@726ee6cf
2024-03-26 16:50:01.167+0300 DEBUG Enter: com.example.autheticationhw.service.UserService.update() with argument[s] = [com.example.autheticationhw.model.User@726ee6cf]
2024-03-26 16:50:01.199+0300 DEBUG Exit com.example.autheticationhw.service.UserService.update() with result = com.example.autheticationhw.model.User@10545d02
2024-03-26 16:50:01.199+0300 DEBUG Enter: com.example.autheticationhw.service.UserService.delete() with argument[s] = [2]
2024-03-26 16:50:01.241+0300 DEBUG Exit com.example.autheticationhw.service.UserService.delete() with result = null
2024-03-26 16:50:01.242+0300 DEBUG Enter: com.example.autheticationhw.service.OrderService.get() with argument[s] = [1]
2024-03-26 16:50:01.251+0300 DEBUG Exit com.example.autheticationhw.service.OrderService.get() with result = com.example.autheticationhw.model.Order@7053a864
2024-03-26 16:50:01.251+0300 DEBUG Enter: com.example.autheticationhw.service.OrderService.get() with argument[s] = [100]
2024-03-26 16:50:01.256+0300 DEBUG Exit com.example.autheticationhw.service.OrderService.get() with result = null
2024-03-26 16:50:01.257+0300 DEBUG Enter: com.example.autheticationhw.service.UserService.get() with argument[s] = [1]
2024-03-26 16:50:01.260+0300 DEBUG Exit com.example.autheticationhw.service.UserService.get() with result = com.example.autheticationhw.model.User@56e9126f
2024-03-26 16:50:01.260+0300 DEBUG Enter: com.example.autheticationhw.service.OrderService.create() with argument[s] = [com.example.autheticationhw.model.Order@4e773b8a]
2024-03-26 16:50:01.268+0300 DEBUG Exit com.example.autheticationhw.service.OrderService.create() with result = com.example.autheticationhw.model.Order@4e773b8a
2024-03-26 16:50:01.269+0300 DEBUG Enter: com.example.autheticationhw.service.OrderService.get() with argument[s] = [1]
2024-03-26 16:50:01.273+0300 DEBUG Exit com.example.autheticationhw.service.OrderService.get() with result = com.example.autheticationhw.model.Order@d60aa4
2024-03-26 16:50:01.283+0300 DEBUG Enter: com.example.autheticationhw.service.OrderService.update() with argument[s] = [com.example.autheticationhw.model.Order@d60aa4]
2024-03-26 16:50:01.377+0300 DEBUG Exit com.example.autheticationhw.service.OrderService.update() with result = com.example.autheticationhw.model.Order@62ad5f35
2024-03-26 16:50:01.378+0300 DEBUG Enter: com.example.autheticationhw.service.OrderService.delete() with argument[s] = [2]
2024-03-26 16:50:01.418+0300 DEBUG Exit com.example.autheticationhw.service.OrderService.delete() with result = null
2024-03-26 16:50:02.525+0300 DEBUG Enter: com.example.autheticationhw.service.OrderService.get() with argument[s] = [1]
2024-03-26 16:50:02.530+0300 DEBUG Exit com.example.autheticationhw.service.OrderService.get() with result = com.example.autheticationhw.model.Order@75e068dc
2024-03-26 16:50:02.595+0300 INFO HikariPool-1 - Shutdown initiated...
2024-03-26 16:50:02.604+0300 INFO HikariPool-1 - Shutdown completed.
2024-03-26 16:51:20.868+0300 INFO Starting AutheticationhwApplicationTests using Java 18.0.2.1 with PID 57483 (started by User in /Users/User/Java/autheticationhw)
2024-03-26 16:51:20.894+0300 DEBUG Running with Spring Boot v3.2.4, Spring v6.1.5
2024-03-26 16:51:20.898+0300 INFO No active profile set, falling back to 1 default profile: "default"
2024-03-26 16:51:23.135+0300 INFO HikariPool-1 - Starting...
2024-03-26 16:51:23.333+0300 INFO HikariPool-1 - Added connection org.postgresql.jdbc.PgConnection@39d77de9
2024-03-26 16:51:23.337+0300 INFO HikariPool-1 - Start completed.
2024-03-26 16:51:27.653+0300 INFO Started AutheticationhwApplicationTests in 7.311 seconds (process running for 10.21)
2024-03-26 16:51:27.663+0300 DEBUG Enter: com.example.autheticationhw.service.UserService.create() with argument[s] = [com.example.autheticationhw.model.User@1c0a4f87]
2024-03-26 16:51:27.766+0300 DEBUG Exit com.example.autheticationhw.service.UserService.create() with result = com.example.autheticationhw.model.User@1c0a4f87
2024-03-26 16:51:27.770+0300 DEBUG Enter: com.example.autheticationhw.service.UserService.get() with argument[s] = [1]
2024-03-26 16:51:27.846+0300 DEBUG Exit com.example.autheticationhw.service.UserService.get() with result = com.example.autheticationhw.model.User@33315925
2024-03-26 16:51:27.847+0300 DEBUG Enter: com.example.autheticationhw.service.UserService.get() with argument[s] = [100]
2024-03-26 16:51:27.850+0300 DEBUG Exit com.example.autheticationhw.service.UserService.get() with result = null
2024-03-26 16:51:27.851+0300 DEBUG Enter: com.example.autheticationhw.service.UserService.get() with argument[s] = [1]
2024-03-26 16:51:27.854+0300 DEBUG Exit com.example.autheticationhw.service.UserService.get() with result = com.example.autheticationhw.model.User@4d21b505
2024-03-26 16:51:27.856+0300 DEBUG Enter: com.example.autheticationhw.service.UserService.update() with argument[s] = [com.example.autheticationhw.model.User@4d21b505]
2024-03-26 16:51:27.879+0300 DEBUG Exit com.example.autheticationhw.service.UserService.update() with result = com.example.autheticationhw.model.User@a6d4547
2024-03-26 16:51:27.880+0300 DEBUG Enter: com.example.autheticationhw.service.UserService.delete() with argument[s] = [2]
2024-03-26 16:51:27.918+0300 DEBUG Exit com.example.autheticationhw.service.UserService.delete() with result = null
2024-03-26 16:51:27.920+0300 DEBUG Enter: com.example.autheticationhw.service.OrderService.get() with argument[s] = [1]
2024-03-26 16:51:27.931+0300 DEBUG Exit com.example.autheticationhw.service.OrderService.get() with result = com.example.autheticationhw.model.Order@4f2a0909
2024-03-26 16:51:27.932+0300 DEBUG Enter: com.example.autheticationhw.service.OrderService.get() with argument[s] = [100]
2024-03-26 16:51:27.934+0300 DEBUG Exit com.example.autheticationhw.service.OrderService.get() with result = null
2024-03-26 16:51:27.935+0300 DEBUG Enter: com.example.autheticationhw.service.UserService.get() with argument[s] = [1]
2024-03-26 16:51:27.938+0300 DEBUG Exit com.example.autheticationhw.service.UserService.get() with result = com.example.autheticationhw.model.User@5e528476
2024-03-26 16:51:27.938+0300 DEBUG Enter: com.example.autheticationhw.service.OrderService.create() with argument[s] = [com.example.autheticationhw.model.Order@56728f48]
2024-03-26 16:51:27.951+0300 DEBUG Exit com.example.autheticationhw.service.OrderService.create() with result = com.example.autheticationhw.model.Order@56728f48
2024-03-26 16:51:27.952+0300 DEBUG Enter: com.example.autheticationhw.service.OrderService.get() with argument[s] = [1]
2024-03-26 16:51:27.955+0300 DEBUG Exit com.example.autheticationhw.service.OrderService.get() with result = com.example.autheticationhw.model.Order@37f75ebf
2024-03-26 16:51:27.956+0300 DEBUG Enter: com.example.autheticationhw.service.OrderService.update() with argument[s] = [com.example.autheticationhw.model.Order@37f75ebf]
2024-03-26 16:51:27.972+0300 DEBUG Exit com.example.autheticationhw.service.OrderService.update() with result = com.example.autheticationhw.model.Order@1e834a5b
2024-03-26 16:51:27.973+0300 DEBUG Enter: com.example.autheticationhw.service.OrderService.delete() with argument[s] = [2]
2024-03-26 16:51:27.988+0300 DEBUG Exit com.example.autheticationhw.service.OrderService.delete() with result = null
2024-03-26 16:51:29.026+0300 DEBUG Enter: com.example.autheticationhw.service.OrderService.get() with argument[s] = [1]
2024-03-26 16:51:29.030+0300 DEBUG Exit com.example.autheticationhw.service.OrderService.get() with result = com.example.autheticationhw.model.Order@1d642682
2024-03-26 16:51:29.108+0300 INFO HikariPool-1 - Shutdown initiated...
2024-03-26 16:51:29.116+0300 INFO HikariPool-1 - Shutdown completed.
2024-03-26 16:52:39.240+0300 INFO Starting AutheticationhwApplicationTests using Java 18.0.2.1 with PID 57526 (started by User in /Users/User/Java/autheticationhw)
2024-03-26 16:52:39.258+0300 DEBUG Running with Spring Boot v3.2.4, Spring v6.1.5
2024-03-26 16:52:39.263+0300 INFO No active profile set, falling back to 1 default profile: "default"
2024-03-26 16:52:41.701+0300 INFO HikariPool-1 - Starting...
2024-03-26 16:52:41.899+0300 INFO HikariPool-1 - Added connection org.postgresql.jdbc.PgConnection@78d73b1b
2024-03-26 16:52:41.903+0300 INFO HikariPool-1 - Start completed.
2024-03-26 16:52:46.008+0300 INFO Started AutheticationhwApplicationTests in 7.483 seconds (process running for 12.074)
2024-03-26 16:52:46.018+0300 DEBUG Enter: com.example.autheticationhw.service.UserService.create() with argument[s] = [com.example.autheticationhw.model.User@40c92dfa]
2024-03-26 16:52:46.107+0300 DEBUG Exit com.example.autheticationhw.service.UserService.create() with result = com.example.autheticationhw.model.User@40c92dfa
2024-03-26 16:52:46.108+0300 DEBUG Enter: com.example.autheticationhw.service.UserService.get() with argument[s] = [1]
2024-03-26 16:52:46.200+0300 DEBUG Exit com.example.autheticationhw.service.UserService.get() with result = com.example.autheticationhw.model.User@4b718c45
2024-03-26 16:52:46.200+0300 DEBUG Enter: com.example.autheticationhw.service.UserService.get() with argument[s] = [100]
2024-03-26 16:52:46.205+0300 DEBUG Exit com.example.autheticationhw.service.UserService.get() with result = null
2024-03-26 16:52:46.206+0300 DEBUG Enter: com.example.autheticationhw.service.UserService.get() with argument[s] = [1]
2024-03-26 16:52:46.214+0300 DEBUG Exit com.example.autheticationhw.service.UserService.get() with result = com.example.autheticationhw.model.User@48dc06a9
2024-03-26 16:52:46.220+0300 DEBUG Enter: com.example.autheticationhw.service.UserService.update() with argument[s] = [com.example.autheticationhw.model.User@48dc06a9]
2024-03-26 16:52:46.251+0300 DEBUG Exit com.example.autheticationhw.service.UserService.update() with result = com.example.autheticationhw.model.User@62129f97
2024-03-26 16:52:46.251+0300 DEBUG Enter: com.example.autheticationhw.service.UserService.delete() with argument[s] = [2]
2024-03-26 16:52:46.293+0300 DEBUG Exit com.example.autheticationhw.service.UserService.delete() with result = null
2024-03-26 16:52:46.294+0300 DEBUG Enter: com.example.autheticationhw.service.OrderService.get() with argument[s] = [1]
2024-03-26 16:52:46.303+0300 DEBUG Exit com.example.autheticationhw.service.OrderService.get() with result = com.example.autheticationhw.model.Order@7053a864
2024-03-26 16:52:46.304+0300 DEBUG Enter: com.example.autheticationhw.service.OrderService.get() with argument[s] = [100]
2024-03-26 16:52:46.306+0300 DEBUG Exit com.example.autheticationhw.service.OrderService.get() with result = null
2024-03-26 16:52:46.306+0300 DEBUG Enter: com.example.autheticationhw.service.UserService.get() with argument[s] = [1]
2024-03-26 16:52:46.309+0300 DEBUG Exit com.example.autheticationhw.service.UserService.get() with result = com.example.autheticationhw.model.User@56e9126f
2024-03-26 16:52:46.309+0300 DEBUG Enter: com.example.autheticationhw.service.OrderService.create() with argument[s] = [com.example.autheticationhw.model.Order@4e773b8a]
2024-03-26 16:52:46.316+0300 DEBUG Exit com.example.autheticationhw.service.OrderService.create() with result = com.example.autheticationhw.model.Order@4e773b8a
2024-03-26 16:52:46.316+0300 DEBUG Enter: com.example.autheticationhw.service.OrderService.get() with argument[s] = [1]
2024-03-26 16:52:46.320+0300 DEBUG Exit com.example.autheticationhw.service.OrderService.get() with result = com.example.autheticationhw.model.Order@d60aa4
2024-03-26 16:52:46.321+0300 DEBUG Enter: com.example.autheticationhw.service.OrderService.update() with argument[s] = [com.example.autheticationhw.model.Order@d60aa4]
2024-03-26 16:52:46.333+0300 DEBUG Exit com.example.autheticationhw.service.OrderService.update() with result = com.example.autheticationhw.model.Order@62ad5f35
2024-03-26 16:52:46.334+0300 DEBUG Enter: com.example.autheticationhw.service.OrderService.delete() with argument[s] = [2]
2024-03-26 16:52:46.344+0300 DEBUG Exit com.example.autheticationhw.service.OrderService.delete() with result = null
2024-03-26 16:52:47.351+0300 DEBUG Enter: com.example.autheticationhw.service.OrderService.get() with argument[s] = [1]
2024-03-26 16:52:47.356+0300 DEBUG Exit com.example.autheticationhw.service.OrderService.get() with result = com.example.autheticationhw.model.Order@75e068dc
2024-03-26 16:52:47.423+0300 INFO HikariPool-1 - Shutdown initiated...
2024-03-26 16:52:47.432+0300 INFO HikariPool-1 - Shutdown completed.
2024-03-26 16:54:02.069+0300 INFO Starting AutheticationhwApplicationTests using Java 18.0.2.1 with PID 57567 (started by User in /Users/User/Java/autheticationhw)
2024-03-26 16:54:02.090+0300 DEBUG Running with Spring Boot v3.2.4, Spring v6.1.5
2024-03-26 16:54:02.097+0300 INFO No active profile set, falling back to 1 default profile: "default"
2024-03-26 16:54:04.686+0300 INFO HikariPool-1 - Starting...
2024-03-26 16:54:04.910+0300 INFO HikariPool-1 - Added connection org.postgresql.jdbc.PgConnection@1eeb5818
2024-03-26 16:54:04.913+0300 INFO HikariPool-1 - Start completed.
2024-03-26 16:54:09.724+0300 INFO Started AutheticationhwApplicationTests in 8.118 seconds (process running for 14.303)
2024-03-26 16:54:09.734+0300 DEBUG Enter: com.example.autheticationhw.service.UserService.create() with argument[s] = [com.example.autheticationhw.model.User@54faa040]
2024-03-26 16:54:09.841+0300 DEBUG Exit com.example.autheticationhw.service.UserService.create() with result = com.example.autheticationhw.model.User@54faa040
2024-03-26 16:54:09.841+0300 DEBUG Enter: com.example.autheticationhw.service.UserService.get() with argument[s] = [1]
2024-03-26 16:54:09.945+0300 DEBUG Exit com.example.autheticationhw.service.UserService.get() with result = com.example.autheticationhw.model.User@1267adbe
2024-03-26 16:54:09.946+0300 DEBUG Enter: com.example.autheticationhw.service.UserService.get() with argument[s] = [100]
2024-03-26 16:54:09.949+0300 DEBUG Exit com.example.autheticationhw.service.UserService.get() with result = null
2024-03-26 16:54:09.950+0300 DEBUG Enter: com.example.autheticationhw.service.UserService.get() with argument[s] = [1]
2024-03-26 16:54:09.953+0300 DEBUG Exit com.example.autheticationhw.service.UserService.get() with result = com.example.autheticationhw.model.User@628b9af5
2024-03-26 16:54:09.954+0300 DEBUG Enter: com.example.autheticationhw.service.UserService.update() with argument[s] = [com.example.autheticationhw.model.User@628b9af5]
2024-03-26 16:54:09.978+0300 DEBUG Exit com.example.autheticationhw.service.UserService.update() with result = com.example.autheticationhw.model.User@253379ec
2024-03-26 16:54:09.980+0300 DEBUG Enter: com.example.autheticationhw.service.UserService.delete() with argument[s] = [2]
2024-03-26 16:54:10.018+0300 DEBUG Exit com.example.autheticationhw.service.UserService.delete() with result = null
2024-03-26 16:54:10.019+0300 DEBUG Enter: com.example.autheticationhw.service.OrderService.get() with argument[s] = [1]
2024-03-26 16:54:10.034+0300 DEBUG Exit com.example.autheticationhw.service.OrderService.get() with result = com.example.autheticationhw.model.Order@85104d6
2024-03-26 16:54:10.035+0300 DEBUG Enter: com.example.autheticationhw.service.OrderService.get() with argument[s] = [100]
2024-03-26 16:54:10.037+0300 DEBUG Exit com.example.autheticationhw.service.OrderService.get() with result = null
2024-03-26 16:54:10.038+0300 DEBUG Enter: com.example.autheticationhw.service.UserService.get() with argument[s] = [1]
2024-03-26 16:54:10.042+0300 DEBUG Exit com.example.autheticationhw.service.UserService.get() with result = com.example.autheticationhw.model.User@3ed3e66d
2024-03-26 16:54:10.043+0300 DEBUG Enter: com.example.autheticationhw.service.OrderService.create() with argument[s] = [com.example.autheticationhw.model.Order@e9947af]
2024-03-26 16:54:10.048+0300 DEBUG Exit com.example.autheticationhw.service.OrderService.create() with result = com.example.autheticationhw.model.Order@e9947af
2024-03-26 16:54:10.049+0300 DEBUG Enter: com.example.autheticationhw.service.OrderService.get() with argument[s] = [1]
2024-03-26 16:54:10.053+0300 DEBUG Exit com.example.autheticationhw.service.OrderService.get() with result = com.example.autheticationhw.model.Order@74f9004c
2024-03-26 16:54:10.056+0300 DEBUG Enter: com.example.autheticationhw.service.OrderService.update() with argument[s] = [com.example.autheticationhw.model.Order@74f9004c]
2024-03-26 16:54:10.070+0300 DEBUG Exit com.example.autheticationhw.service.OrderService.update() with result = com.example.autheticationhw.model.Order@56728f48
2024-03-26 16:54:10.071+0300 DEBUG Enter: com.example.autheticationhw.service.OrderService.delete() with argument[s] = [2]
2024-03-26 16:54:10.086+0300 DEBUG Exit com.example.autheticationhw.service.OrderService.delete() with result = null
2024-03-26 16:54:11.100+0300 DEBUG Enter: com.example.autheticationhw.service.OrderService.get() with argument[s] = [1]
2024-03-26 16:54:11.106+0300 DEBUG Exit com.example.autheticationhw.service.OrderService.get() with result = com.example.autheticationhw.model.Order@4624e3d1
2024-03-26 16:54:11.187+0300 INFO HikariPool-1 - Shutdown initiated...
2024-03-26 16:54:11.196+0300 INFO HikariPool-1 - Shutdown completed.
2024-03-26 16:56:11.951+0300 INFO Starting AutheticationhwApplicationTests using Java 18.0.2.1 with PID 57623 (started by User in /Users/User/Java/autheticationhw)
2024-03-26 16:56:11.984+0300 DEBUG Running with Spring Boot v3.2.4, Spring v6.1.5
2024-03-26 16:56:11.988+0300 INFO No active profile set, falling back to 1 default profile: "default"
2024-03-26 16:56:14.417+0300 INFO HikariPool-1 - Starting...
2024-03-26 16:56:14.637+0300 INFO HikariPool-1 - Added connection org.postgresql.jdbc.PgConnection@539c4830
2024-03-26 16:56:14.641+0300 INFO HikariPool-1 - Start completed.
2024-03-26 16:56:19.071+0300 INFO Started AutheticationhwApplicationTests in 7.75 seconds (process running for 14.103)
2024-03-26 16:56:20.076+0300 DEBUG Enter: com.example.autheticationhw.service.OrderService.get() with argument[s] = [1]
2024-03-26 16:56:20.201+0300 DEBUG Exit com.example.autheticationhw.service.OrderService.get() with result = com.example.autheticationhw.model.Order@d4f2f3d
2024-03-26 16:56:20.299+0300 INFO HikariPool-1 - Shutdown initiated...
2024-03-26 16:56:20.309+0300 INFO HikariPool-1 - Shutdown completed.
2024-03-26 16:59:34.516+0300 INFO Starting AutheticationhwApplicationTests using Java 18.0.2.1 with PID 57773 (started by User in /Users/User/Java/autheticationhw)
2024-03-26 16:59:34.542+0300 DEBUG Running with Spring Boot v3.2.4, Spring v6.1.5
2024-03-26 16:59:34.546+0300 INFO No active profile set, falling back to 1 default profile: "default"
2024-03-26 16:59:37.643+0300 INFO HikariPool-1 - Starting...
2024-03-26 16:59:37.884+0300 INFO HikariPool-1 - Added connection org.postgresql.jdbc.PgConnection@36478bce
2024-03-26 16:59:37.888+0300 INFO HikariPool-1 - Start completed.
2024-03-26 16:59:42.553+0300 INFO Started AutheticationhwApplicationTests in 8.52 seconds (process running for 11.72)
2024-03-26 16:59:43.564+0300 DEBUG Enter: com.example.autheticationhw.service.OrderService.get() with argument[s] = [1]
2024-03-26 16:59:43.696+0300 DEBUG Exit com.example.autheticationhw.service.OrderService.get() with result = com.example.autheticationhw.model.Order@12544a50
2024-03-26 16:59:43.781+0300 INFO HikariPool-1 - Shutdown initiated...
2024-03-26 16:59:43.790+0300 INFO HikariPool-1 - Shutdown completed.
2024-03-26 17:00:20.814+0300 INFO Starting AutheticationhwApplicationTests using Java 18.0.2.1 with PID 57801 (started by User in /Users/User/Java/autheticationhw)
2024-03-26 17:00:20.837+0300 DEBUG Running with Spring Boot v3.2.4, Spring v6.1.5
2024-03-26 17:00:20.840+0300 INFO No active profile set, falling back to 1 default profile: "default"
2024-03-26 17:00:23.049+0300 INFO HikariPool-1 - Starting...
2024-03-26 17:00:23.250+0300 INFO HikariPool-1 - Added connection org.postgresql.jdbc.PgConnection@2997ddfc
2024-03-26 17:00:23.269+0300 INFO HikariPool-1 - Start completed.
2024-03-26 17:00:27.496+0300 INFO Started AutheticationhwApplicationTests in 7.125 seconds (process running for 10.842)
2024-03-26 17:00:28.479+0300 DEBUG Enter: com.example.autheticationhw.service.OrderService.get() with argument[s] = [1]
2024-03-26 17:00:28.597+0300 DEBUG Exit com.example.autheticationhw.service.OrderService.get() with result = com.example.autheticationhw.model.Order@2ef5df8f
2024-03-26 17:00:28.663+0300 INFO HikariPool-1 - Shutdown initiated...
2024-03-26 17:00:28.671+0300 INFO HikariPool-1 - Shutdown completed.
2024-03-26 17:03:13.606+0300 INFO Starting AutheticationhwApplicationTests using Java 18.0.2.1 with PID 57949 (started by User in /Users/User/Java/autheticationhw)
2024-03-26 17:03:13.633+0300 DEBUG Running with Spring Boot v3.2.4, Spring v6.1.5
2024-03-26 17:03:13.636+0300 INFO No active profile set, falling back to 1 default profile: "default"
2024-03-26 17:03:15.881+0300 INFO HikariPool-1 - Starting...
2024-03-26 17:03:16.069+0300 INFO HikariPool-1 - Added connection org.postgresql.jdbc.PgConnection@71d55b7e
2024-03-26 17:03:16.083+0300 INFO HikariPool-1 - Start completed.
2024-03-26 17:03:20.755+0300 INFO Started AutheticationhwApplicationTests in 7.655 seconds (process running for 10.609)
2024-03-26 17:03:21.723+0300 DEBUG Enter: com.example.autheticationhw.service.OrderService.get() with argument[s] = [1]
2024-03-26 17:03:21.870+0300 DEBUG Exit com.example.autheticationhw.service.OrderService.get() with result = com.example.autheticationhw.model.Order@71852f76
2024-03-26 17:03:21.926+0300 INFO HikariPool-1 - Shutdown initiated...
2024-03-26 17:03:21.935+0300 INFO HikariPool-1 - Shutdown completed.
2024-03-26 17:06:10.933+0300 INFO Starting AutheticationhwApplicationTests using Java 18.0.2.1 with PID 58024 (started by User in /Users/User/Java/autheticationhw)
2024-03-26 17:06:10.957+0300 DEBUG Running with Spring Boot v3.2.4, Spring v6.1.5
2024-03-26 17:06:10.960+0300 INFO No active profile set, falling back to 1 default profile: "default"
2024-03-26 17:06:15.019+0300 INFO HikariPool-1 - Starting...
2024-03-26 17:06:15.598+0300 INFO HikariPool-1 - Added connection org.postgresql.jdbc.PgConnection@28b523a
2024-03-26 17:06:15.608+0300 INFO HikariPool-1 - Start completed.
2024-03-26 17:06:26.280+0300 INFO Started AutheticationhwApplicationTests in 16.115 seconds (process running for 19.614)
2024-03-26 17:06:27.453+0300 DEBUG Enter: com.example.autheticationhw.service.OrderService.get() with argument[s] = [1]
2024-03-26 17:06:27.624+0300 DEBUG Exit com.example.autheticationhw.service.OrderService.get() with result = com.example.autheticationhw.model.Order@3502b614
2024-03-26 17:06:27.701+0300 INFO HikariPool-1 - Shutdown initiated...
2024-03-26 17:06:27.718+0300 INFO HikariPool-1 - Shutdown completed.
2024-03-27 09:05:34.603+0300 WARN HikariPool-1 - Thread starvation or clock leap detected (housekeeper delta=15h58m27s515ms).
2024-03-27 09:06:03.236+0300 WARN HikariPool-1 - Retrograde clock change detected (housekeeper delta=28s724ms), soft-evicting connections from pool.
2024-03-27 09:08:41.067+0300 INFO Starting AutheticationhwApplicationTests using Java 18.0.2.1 with PID 58372 (started by User in /Users/User/Java/autheticationhw)
2024-03-27 09:08:41.097+0300 DEBUG Running with Spring Boot v3.2.4, Spring v6.1.5
2024-03-27 09:08:41.100+0300 INFO No active profile set, falling back to 1 default profile: "default"
2024-03-27 09:08:43.981+0300 INFO HikariPool-1 - Starting...
2024-03-27 09:08:44.202+0300 INFO HikariPool-1 - Added connection org.postgresql.jdbc.PgConnection@2997ddfc
2024-03-27 09:08:44.206+0300 INFO HikariPool-1 - Start completed.
2024-03-27 09:08:48.977+0300 INFO Started AutheticationhwApplicationTests in 8.409 seconds (process running for 11.804)
2024-03-27 09:08:50.024+0300 DEBUG Enter: com.example.autheticationhw.service.OrderService.get() with argument[s] = [1]
2024-03-27 09:08:50.188+0300 DEBUG Exit com.example.autheticationhw.service.OrderService.get() with result = [!!!com.example.autheticationhw.model.Order@4c0989f7=>org.hibernate.LazyInitializationException:could not initialize proxy [com.example.autheticationhw.model.User#1] - no Session!!!]
2024-03-27 09:08:50.279+0300 INFO HikariPool-1 - Shutdown initiated...
2024-03-27 09:08:50.286+0300 INFO HikariPool-1 - Shutdown completed.
2024-03-27 09:10:34.777+0300 INFO Starting AutheticationhwApplicationTests using Java 18.0.2.1 with PID 58418 (started by User in /Users/User/Java/autheticationhw)
2024-03-27 09:10:34.831+0300 DEBUG Running with Spring Boot v3.2.4, Spring v6.1.5
2024-03-27 09:10:34.841+0300 INFO No active profile set, falling back to 1 default profile: "default"
2024-03-27 09:10:37.287+0300 INFO HikariPool-1 - Starting...
2024-03-27 09:10:37.523+0300 INFO HikariPool-1 - Added connection org.postgresql.jdbc.PgConnection@58d4238e
2024-03-27 09:10:37.527+0300 INFO HikariPool-1 - Start completed.
2024-03-27 09:10:41.837+0300 INFO Started AutheticationhwApplicationTests in 7.574 seconds (process running for 10.474)
2024-03-27 09:10:42.849+0300 DEBUG Enter: com.example.autheticationhw.service.OrderService.get() with argument[s] = [1]
2024-03-27 09:10:42.964+0300 DEBUG Exit com.example.autheticationhw.service.OrderService.get() with result = [!!!com.example.autheticationhw.model.Order@3502b614=>java.lang.StackOverflowError:null!!!]
2024-03-27 09:10:43.440+0300 INFO HikariPool-1 - Shutdown initiated...
2024-03-27 09:10:43.449+0300 INFO HikariPool-1 - Shutdown completed.
2024-03-27 09:12:39.808+0300 INFO Starting AutheticationhwApplicationTests using Java 18.0.2.1 with PID 58467 (started by User in /Users/User/Java/autheticationhw)
2024-03-27 09:12:39.841+0300 DEBUG Running with Spring Boot v3.2.4, Spring v6.1.5
2024-03-27 09:12:39.847+0300 INFO No active profile set, falling back to 1 default profile: "default"
2024-03-27 09:12:42.155+0300 INFO HikariPool-1 - Starting...
2024-03-27 09:12:42.336+0300 INFO HikariPool-1 - Added connection org.postgresql.jdbc.PgConnection@696fad31
2024-03-27 09:12:42.340+0300 INFO HikariPool-1 - Start completed.
2024-03-27 09:12:46.722+0300 INFO Started AutheticationhwApplicationTests in 7.362 seconds (process running for 10.281)
2024-03-27 09:12:47.707+0300 DEBUG Enter: com.example.autheticationhw.service.OrderService.get() with argument[s] = [1]
2024-03-27 09:12:47.810+0300 DEBUG Exit com.example.autheticationhw.service.OrderService.get() with result = com.example.autheticationhw.model.Order@125df632
2024-03-27 09:12:47.826+0300 DEBUG Enter: com.example.autheticationhw.service.OrderService.update() with argument[s] = [com.example.autheticationhw.model.Order@125df632]
2024-03-27 09:12:47.837+0300 DEBUG Exit com.example.autheticationhw.service.OrderService.update() with result = com.example.autheticationhw.model.Order@1046aaa4
2024-03-27 09:12:47.887+0300 DEBUG Enter: com.example.autheticationhw.service.OrderService.delete() with argument[s] = [1]
2024-03-27 09:12:47.903+0300 DEBUG Exit com.example.autheticationhw.service.OrderService.delete() with result = null
2024-03-27 09:12:47.918+0300 DEBUG Enter: com.example.autheticationhw.service.OrderService.create() with argument[s] = [com.example.autheticationhw.model.Order@1e8c741c]
2024-03-27 09:12:47.940+0300 ERROR Exception in com.example.autheticationhw.service.OrderService.create() with cause = org.hibernate.PropertyValueException: not-null property references a null or transient value : com.example.autheticationhw.model.Order.user
2024-03-27 09:12:48.021+0300 INFO HikariPool-1 - Shutdown initiated...
2024-03-27 09:12:48.038+0300 INFO HikariPool-1 - Shutdown completed.
2024-03-27 09:14:43.518+0300 INFO Starting AutheticationhwApplicationTests using Java 18.0.2.1 with PID 58520 (started by User in /Users/User/Java/autheticationhw)
2024-03-27 09:14:43.533+0300 DEBUG Running with Spring Boot v3.2.4, Spring v6.1.5
2024-03-27 09:14:43.536+0300 INFO No active profile set, falling back to 1 default profile: "default"
2024-03-27 09:14:45.777+0300 INFO HikariPool-1 - Starting...
2024-03-27 09:14:45.952+0300 INFO HikariPool-1 - Added connection org.postgresql.jdbc.PgConnection@1eeb5818
2024-03-27 09:14:45.955+0300 INFO HikariPool-1 - Start completed.
2024-03-27 09:14:50.078+0300 INFO Started AutheticationhwApplicationTests in 7.044 seconds (process running for 10.786)
2024-03-27 09:14:51.037+0300 DEBUG Enter: com.example.autheticationhw.service.OrderService.get() with argument[s] = [1]
2024-03-27 09:14:51.142+0300 DEBUG Exit com.example.autheticationhw.service.OrderService.get() with result = com.example.autheticationhw.model.Order@5a88ecb9
2024-03-27 09:14:51.158+0300 DEBUG Enter: com.example.autheticationhw.service.OrderService.update() with argument[s] = [com.example.autheticationhw.model.Order@5a88ecb9]
2024-03-27 09:14:51.170+0300 DEBUG Exit com.example.autheticationhw.service.OrderService.update() with result = com.example.autheticationhw.model.Order@44f6ac4f
2024-03-27 09:14:51.198+0300 DEBUG Enter: com.example.autheticationhw.service.OrderService.delete() with argument[s] = [1]
2024-03-27 09:14:51.216+0300 DEBUG Exit com.example.autheticationhw.service.OrderService.delete() with result = null
2024-03-27 09:14:51.231+0300 DEBUG Enter: com.example.autheticationhw.service.UserService.get() with argument[s] = [1]
2024-03-27 09:14:51.255+0300 DEBUG Exit com.example.autheticationhw.service.UserService.get() with result = com.example.autheticationhw.model.User@4b0df349
2024-03-27 09:14:51.256+0300 DEBUG Enter: com.example.autheticationhw.service.OrderService.create() with argument[s] = [com.example.autheticationhw.model.Order@5834298c]
2024-03-27 09:14:51.265+0300 DEBUG Exit com.example.autheticationhw.service.OrderService.create() with result = com.example.autheticationhw.model.Order@5834298c
2024-03-27 09:14:51.340+0300 INFO HikariPool-1 - Shutdown initiated...
2024-03-27 09:14:51.348+0300 INFO HikariPool-1 - Shutdown completed.
2024-03-27 09:18:10.337+0300 INFO Starting AutheticationhwApplicationTests using Java 18.0.2.1 with PID 58687 (started by User in /Users/User/Java/autheticationhw)
2024-03-27 09:18:10.361+0300 DEBUG Running with Spring Boot v3.2.4, Spring v6.1.5
2024-03-27 09:18:10.367+0300 INFO No active profile set, falling back to 1 default profile: "default"
2024-03-27 09:18:12.675+0300 INFO HikariPool-1 - Starting...
2024-03-27 09:18:12.915+0300 INFO HikariPool-1 - Added connection org.postgresql.jdbc.PgConnection@238291d4
2024-03-27 09:18:12.919+0300 INFO HikariPool-1 - Start completed.
2024-03-27 09:18:17.428+0300 INFO Started AutheticationhwApplicationTests in 7.579 seconds (process running for 10.665)
2024-03-27 09:18:18.605+0300 DEBUG Enter: com.example.autheticationhw.service.OrderService.get() with argument[s] = [1]
2024-03-27 09:18:18.781+0300 DEBUG Exit com.example.autheticationhw.service.OrderService.get() with result = Order{id=1, status=ACCEPTED, user=user1}
2024-03-27 09:18:18.813+0300 DEBUG Enter: com.example.autheticationhw.service.OrderService.update() with argument[s] = [Order{id=1, status=ACCEPTED, user=user1}]
2024-03-27 09:18:18.827+0300 DEBUG Exit com.example.autheticationhw.service.OrderService.update() with result = Order{id=1, status=ACCEPTED, user=user1}
2024-03-27 09:18:18.882+0300 DEBUG Enter: com.example.autheticationhw.service.OrderService.delete() with argument[s] = [1]
2024-03-27 09:18:18.908+0300 DEBUG Exit com.example.autheticationhw.service.OrderService.delete() with result = null
2024-03-27 09:18:18.931+0300 DEBUG Enter: com.example.autheticationhw.service.UserService.get() with argument[s] = [1]
2024-03-27 09:18:18.934+0300 DEBUG Exit com.example.autheticationhw.service.UserService.get() with result = com.example.autheticationhw.model.User@10ecf244
2024-03-27 09:18:18.935+0300 DEBUG Enter: com.example.autheticationhw.service.OrderService.create() with argument[s] = [Order{id=null, status=ACCEPTED, user=user1}]
2024-03-27 09:18:18.950+0300 DEBUG Exit com.example.autheticationhw.service.OrderService.create() with result = Order{id=100000, status=ACCEPTED, user=user1}
2024-03-27 09:18:19.027+0300 INFO HikariPool-1 - Shutdown initiated...
2024-03-27 09:18:19.039+0300 INFO HikariPool-1 - Shutdown completed.
2024-03-27 09:20:10.504+0300 INFO HikariPool-1 - Shutdown initiated...
2024-03-27 09:20:10.541+0300 INFO HikariPool-1 - Shutdown completed.
2024-03-27 09:23:10.574+0300 INFO Starting AutheticationhwApplicationTests using Java 18.0.2.1 with PID 58790 (started by User in /Users/User/Java/autheticationhw)
2024-03-27 09:23:10.597+0300 DEBUG Running with Spring Boot v3.2.4, Spring v6.1.5
2024-03-27 09:23:10.602+0300 INFO No active profile set, falling back to 1 default profile: "default"
2024-03-27 09:23:13.217+0300 INFO HikariPool-1 - Starting...
2024-03-27 09:23:13.552+0300 INFO HikariPool-1 - Added connection org.postgresql.jdbc.PgConnection@696fad31
2024-03-27 09:23:13.556+0300 INFO HikariPool-1 - Start completed.
2024-03-27 09:23:18.288+0300 INFO Started AutheticationhwApplicationTests in 8.232 seconds (process running for 11.322)
2024-03-27 09:23:19.300+0300 DEBUG Enter: com.example.autheticationhw.service.OrderService.get() with argument[s] = [1]
2024-03-27 09:23:19.445+0300 DEBUG Exit com.example.autheticationhw.service.OrderService.get() with result = Order{id=1, status=ACCEPTED, user=user1}
2024-03-27 09:23:19.471+0300 DEBUG Enter: com.example.autheticationhw.service.OrderService.update() with argument[s] = [Order{id=1, status=ACCEPTED, user=user1}]
2024-03-27 09:23:19.492+0300 DEBUG Exit com.example.autheticationhw.service.OrderService.update() with result = Order{id=1, status=ACCEPTED, user=user1}
2024-03-27 09:23:19.537+0300 DEBUG Enter: com.example.autheticationhw.service.OrderService.delete() with argument[s] = [1]
2024-03-27 09:23:19.555+0300 DEBUG Exit com.example.autheticationhw.service.OrderService.delete() with result = null
2024-03-27 09:23:19.578+0300 DEBUG Enter: com.example.autheticationhw.service.UserService.get() with argument[s] = [1]
2024-03-27 09:23:19.582+0300 DEBUG Exit com.example.autheticationhw.service.UserService.get() with result = Order{id=1, email=email1, name=user1}
2024-03-27 09:23:19.583+0300 DEBUG Enter: com.example.autheticationhw.service.OrderService.create() with argument[s] = [Order{id=null, status=ACCEPTED, user=user1}]
2024-03-27 09:23:19.595+0300 DEBUG Exit com.example.autheticationhw.service.OrderService.create() with result = Order{id=100000, status=ACCEPTED, user=user1}
2024-03-27 09:23:19.650+0300 DEBUG Enter: com.example.autheticationhw.service.UserService.get() with argument[s] = [1]
2024-03-27 09:23:19.656+0300 DEBUG Exit com.example.autheticationhw.service.UserService.get() with result = Order{id=1, email=email1, name=user1}
2024-03-27 09:23:19.657+0300 DEBUG Enter: com.example.autheticationhw.service.UserService.update() with argument[s] = [Order{id=1, email=email1, name=new name}]
2024-03-27 09:23:19.677+0300 DEBUG Exit com.example.autheticationhw.service.UserService.update() with result = Order{id=1, email=email1, name=new name}
2024-03-27 09:23:19.678+0300 DEBUG Enter: com.example.autheticationhw.service.UserService.delete() with argument[s] = [1]
2024-03-27 09:23:19.720+0300 DEBUG Exit com.example.autheticationhw.service.UserService.delete() with result = null
2024-03-27 09:23:19.721+0300 DEBUG Enter: com.example.autheticationhw.service.UserService.create() with argument[s] = [Order{id=null, email=test email, name=test name}]
2024-03-27 09:23:19.726+0300 DEBUG Exit com.example.autheticationhw.service.UserService.create() with result = Order{id=100001, email=test email, name=test name}
2024-03-27 09:23:19.777+0300 INFO HikariPool-1 - Shutdown initiated...
2024-03-27 09:23:19.786+0300 INFO HikariPool-1 - Shutdown completed.
2024-03-27 09:31:45.803+0300 INFO Starting AutheticationhwApplicationTests using Java 18.0.2.1 with PID 58956 (started by User in /Users/User/Java/autheticationhw)
2024-03-27 09:31:45.821+0300 DEBUG Running with Spring Boot v3.2.4, Spring v6.1.5
2024-03-27 09:31:45.823+0300 INFO No active profile set, falling back to 1 default profile: "default"
2024-03-27 09:31:48.185+0300 INFO HikariPool-1 - Starting...
2024-03-27 09:31:48.435+0300 INFO HikariPool-1 - Added connection org.postgresql.jdbc.PgConnection@29d070c7
2024-03-27 09:31:48.440+0300 INFO HikariPool-1 - Start completed.
2024-03-27 09:31:53.041+0300 INFO Started AutheticationhwApplicationTests in 7.696 seconds (process running for 10.857)
2024-03-27 09:31:54.049+0300 DEBUG Enter: com.example.autheticationhw.service.OrderService.get() with argument[s] = [1]
2024-03-27 09:31:54.199+0300 DEBUG Exit com.example.autheticationhw.service.OrderService.get() with result = Order{id=1, status=ACCEPTED, user=user1}
2024-03-27 09:31:54.228+0300 DEBUG Enter: com.example.autheticationhw.service.OrderService.update() with argument[s] = [Order{id=1, status=ACCEPTED, user=user1}]
2024-03-27 09:31:54.245+0300 DEBUG Exit com.example.autheticationhw.service.OrderService.update() with result = Order{id=1, status=ACCEPTED, user=user1}
2024-03-27 09:31:54.287+0300 DEBUG Enter: com.example.autheticationhw.service.OrderService.delete() with argument[s] = [1]
2024-03-27 09:31:54.303+0300 DEBUG Exit com.example.autheticationhw.service.OrderService.delete() with result = null
2024-03-27 09:31:54.326+0300 DEBUG Enter: com.example.autheticationhw.service.OrderService.get() with argument[s] = [1]
2024-03-27 09:31:54.331+0300 ERROR Exception in com.example.autheticationhw.service.OrderService.get() with cause = NULL
2024-03-27 09:31:54.335+0300 DEBUG Enter: com.example.autheticationhw.service.UserService.get() with argument[s] = [1]
2024-03-27 09:31:54.340+0300 DEBUG Exit com.example.autheticationhw.service.UserService.get() with result = Order{id=1, email=email1, name=user1}
2024-03-27 09:31:54.341+0300 DEBUG Enter: com.example.autheticationhw.service.OrderService.create() with argument[s] = [Order{id=null, status=ACCEPTED, user=user1}]
2024-03-27 09:31:54.351+0300 DEBUG Exit com.example.autheticationhw.service.OrderService.create() with result = Order{id=100000, status=ACCEPTED, user=user1}
2024-03-27 09:31:54.399+0300 DEBUG Enter: com.example.autheticationhw.service.UserService.get() with argument[s] = [1]
2024-03-27 09:31:54.403+0300 DEBUG Exit com.example.autheticationhw.service.UserService.get() with result = Order{id=1, email=email1, name=user1}
2024-03-27 09:31:54.403+0300 DEBUG Enter: com.example.autheticationhw.service.UserService.update() with argument[s] = [Order{id=1, email=email1, name=new name}]
2024-03-27 09:31:54.415+0300 DEBUG Exit com.example.autheticationhw.service.UserService.update() with result = Order{id=1, email=email1, name=new name}
2024-03-27 09:31:54.415+0300 DEBUG Enter: com.example.autheticationhw.service.UserService.delete() with argument[s] = [1]
2024-03-27 09:31:54.439+0300 DEBUG Exit com.example.autheticationhw.service.UserService.delete() with result = null
2024-03-27 09:31:54.440+0300 DEBUG Enter: com.example.autheticationhw.service.UserService.get() with argument[s] = [1]
2024-03-27 09:31:54.443+0300 DEBUG Exit com.example.autheticationhw.service.UserService.get() with result = null
2024-03-27 09:31:54.444+0300 DEBUG Enter: com.example.autheticationhw.service.UserService.create() with argument[s] = [Order{id=null, email=test email, name=test name}]
2024-03-27 09:31:54.453+0300 DEBUG Exit com.example.autheticationhw.service.UserService.create() with result = Order{id=100001, email=test email, name=test name}
2024-03-27 09:31:54.494+0300 INFO HikariPool-1 - Shutdown initiated...
2024-03-27 09:31:54.504+0300 INFO HikariPool-1 - Shutdown completed.
